<?xml version='1.0' encoding='UTF-8'?>
<testsuite hostname="Hanness-MBP.modem" name="webcpl.SyntaxAnalysisTests" tests="146" errors="0" failures="0" skipped="0" time="0.47" timestamp="2019-10-12T18:11:44">
                     <properties>
[...]
</properties>
                     <testcase classname="webcpl.SyntaxAnalysisTests" name="parsing an identifier of one letter produces the correct tree" time="0.035">
                                                 
                                               </testcase><testcase classname="webcpl.SyntaxAnalysisTests" name="parsing an identifier as an identifier produces the correct tree" time="0.001">
                                                 
                                               </testcase><testcase classname="webcpl.SyntaxAnalysisTests" name="parsing an identifier containing digits and underscores" time="0.0">
                                                 
                                               </testcase><testcase classname="webcpl.SyntaxAnalysisTests" name="parsing an integer as an identifier gives an error" time="0.003">
                                                 
                                               </testcase><testcase classname="webcpl.SyntaxAnalysisTests" name="parsing a non-identifier as an identifier gives an error (digit)" time="0.0">
                                                 
                                               </testcase><testcase classname="webcpl.SyntaxAnalysisTests" name="parsing a non-identifier as an identifier gives an error (underscore)" time="0.0">
                                                 
                                               </testcase><testcase classname="webcpl.SyntaxAnalysisTests" name="parsing a keyword as an identifier gives an error" time="0.0">
                                                 
                                               </testcase><testcase classname="webcpl.SyntaxAnalysisTests" name="parsing a keyword prefix as an identifier produces the correct tree" time="0.001">
                                                 
                                               </testcase><testcase classname="webcpl.SyntaxAnalysisTests" name="parsing a decimal constant of one digit produces the correct integer" time="0.002">
                                                 
                                               </testcase><testcase classname="webcpl.SyntaxAnalysisTests" name="parsing a decimal constant produces the correct integer" time="0.001">
                                                 
                                               </testcase><testcase classname="webcpl.SyntaxAnalysisTests" name="parsing a decimal constant with underscores" time="0.0">
                                                 
                                               </testcase><testcase classname="webcpl.SyntaxAnalysisTests" name="parsing a hex constant produces the correct integer" time="0.001">
                                                 
                                               </testcase><testcase classname="webcpl.SyntaxAnalysisTests" name="parsing #xFFFFFFFF produces the integer -1" time="0.001">
                                                 
                                               </testcase><testcase classname="webcpl.SyntaxAnalysisTests" name="parsing #x80000000 produces the integer -2147483648" time="0.0">
                                                 
                                               </testcase><testcase classname="webcpl.SyntaxAnalysisTests" name="parsing #x_DeadC0de produces the integer -559038242" time="0.001">
                                                 
                                               </testcase><testcase classname="webcpl.SyntaxAnalysisTests" name="parsing a non-integer as an integer gives an error" time="0.0">
                                                 
                                               </testcase><testcase classname="webcpl.SyntaxAnalysisTests" name="parsing string constant with BCPL style escapes" time="0.016">
                                                 
                                               </testcase><testcase classname="webcpl.SyntaxAnalysisTests" name="parsing incorrect unicode escape fails" time="0.003">
                                                 
                                               </testcase><testcase classname="webcpl.SyntaxAnalysisTests" name="parsing unicode escape with invalid codepoint fails" time="0.0">
                                                 
                                               </testcase><testcase classname="webcpl.SyntaxAnalysisTests" name="parsing string constant with unicode escape" time="0.001">
                                                 
                                               </testcase><testcase classname="webcpl.SyntaxAnalysisTests" name="parsing unicode character constant from higher plane" time="0.0">
                                                 
                                               </testcase><testcase classname="webcpl.SyntaxAnalysisTests" name="parsing incorrect hex ASCII escape fails" time="0.0">
                                                 
                                               </testcase><testcase classname="webcpl.SyntaxAnalysisTests" name="parsing hex ASCII escapes in a string" time="0.002">
                                                 
                                               </testcase><testcase classname="webcpl.SyntaxAnalysisTests" name="parsing incorrect octal ASCII escape fails" time="0.002">
                                                 
                                               </testcase><testcase classname="webcpl.SyntaxAnalysisTests" name="parsing of string constants ignores * fenced whitespace" time="0.003">
                                                 
                                               </testcase><testcase classname="webcpl.SyntaxAnalysisTests" name="parsing line end character in string literal fails" time="0.0">
                                                 
                                               </testcase><testcase classname="webcpl.SyntaxAnalysisTests" name="parsing of empty character literal fails" time="0.001">
                                                 
                                               </testcase><testcase classname="webcpl.SyntaxAnalysisTests" name="parsing of * fenced whitespace in character literal fails" time="0.0">
                                                 
                                               </testcase><testcase classname="webcpl.SyntaxAnalysisTests" name="parsing unterminated character literal fails (1)" time="0.001">
                                                 
                                               </testcase><testcase classname="webcpl.SyntaxAnalysisTests" name="parsing character literal encompassing end of line fails" time="0.001">
                                                 
                                               </testcase><testcase classname="webcpl.SyntaxAnalysisTests" name="parsing character literal interrupted by end of input fails" time="0.0">
                                                 
                                               </testcase><testcase classname="webcpl.SyntaxAnalysisTests" name="parsing 'TRUE'" time="0.056">
                                                 
                                               </testcase><testcase classname="webcpl.SyntaxAnalysisTests" name="parsing 'FALSE'" time="0.004">
                                                 
                                               </testcase><testcase classname="webcpl.SyntaxAnalysisTests" name="parsing 'GLOBAL' declaration with no entries should fail" time="0.013">
                                                 
                                               </testcase><testcase classname="webcpl.SyntaxAnalysisTests" name="parsing 'GLOBAL' declaration with a single entry" time="0.008">
                                                 
                                               </testcase><testcase classname="webcpl.SyntaxAnalysisTests" name="parsing simple 'GLOBAL' declaration" time="0.001">
                                                 
                                               </testcase><testcase classname="webcpl.SyntaxAnalysisTests" name="parsing 'GLOBAL' declaration with EOL separator" time="0.002">
                                                 
                                               </testcase><testcase classname="webcpl.SyntaxAnalysisTests" name="parsing 'GLOBAL' declaration with missing initialisers" time="0.002">
                                                 
                                               </testcase><testcase classname="webcpl.SyntaxAnalysisTests" name="parsing 'STATIC' declaration with no entries should fail" time="0.003">
                                                 
                                               </testcase><testcase classname="webcpl.SyntaxAnalysisTests" name="parsing 'STATIC' declaration with a single entry" time="0.006">
                                                 
                                               </testcase><testcase classname="webcpl.SyntaxAnalysisTests" name="parsing simple 'STATIC' declaration" time="0.004">
                                                 
                                               </testcase><testcase classname="webcpl.SyntaxAnalysisTests" name="parsing 'STATIC' declaration with EOL separator" time="0.008">
                                                 
                                               </testcase><testcase classname="webcpl.SyntaxAnalysisTests" name="parsing 'STATIC' declaration with missing initialisers" time="0.003">
                                                 
                                               </testcase><testcase classname="webcpl.SyntaxAnalysisTests" name="parsing 'MANIFEST' declaration with no entries should fail" time="0.003">
                                                 
                                               </testcase><testcase classname="webcpl.SyntaxAnalysisTests" name="parsing 'MANIFEST' declaration with a single entry" time="0.004">
                                                 
                                               </testcase><testcase classname="webcpl.SyntaxAnalysisTests" name="parsing simple 'MANIFEST' declaration" time="0.004">
                                                 
                                               </testcase><testcase classname="webcpl.SyntaxAnalysisTests" name="parsing 'MANIFEST' declaration with EOL separator" time="0.006">
                                                 
                                               </testcase><testcase classname="webcpl.SyntaxAnalysisTests" name="parsing 'MANIFEST' declaration with missing initialisers" time="0.003">
                                                 
                                               </testcase><testcase classname="webcpl.SyntaxAnalysisTests" name="parse of variable declaration without initialiser should fail" time="0.013">
                                                 
                                               </testcase><testcase classname="webcpl.SyntaxAnalysisTests" name="parse of variable declaration without equals should fail" time="0.001">
                                                 
                                               </testcase><testcase classname="webcpl.SyntaxAnalysisTests" name="parse declaration of a single variable" time="0.004">
                                                 
                                               </testcase><testcase classname="webcpl.SyntaxAnalysisTests" name="parse declaration of two variables" time="0.003">
                                                 
                                               </testcase><testcase classname="webcpl.SyntaxAnalysisTests" name="parse declaration of four variables" time="0.007">
                                                 
                                               </testcase><testcase classname="webcpl.SyntaxAnalysisTests" name="parse of vector declaration missing equals fails" time="0.001">
                                                 
                                               </testcase><testcase classname="webcpl.SyntaxAnalysisTests" name="parse of vector declaration missing size expression fails" time="0.002">
                                                 
                                               </testcase><testcase classname="webcpl.SyntaxAnalysisTests" name="parse simple vector declaration" time="0.005">
                                                 
                                               </testcase><testcase classname="webcpl.SyntaxAnalysisTests" name="parse vector declaration with size given by manifest constant" time="0.003">
                                                 
                                               </testcase><testcase classname="webcpl.SyntaxAnalysisTests" name="parsing a function declaration without equals fails" time="0.004">
                                                 
                                               </testcase><testcase classname="webcpl.SyntaxAnalysisTests" name="parsing a function declaration without defining expression fails" time="0.002">
                                                 
                                               </testcase><testcase classname="webcpl.SyntaxAnalysisTests" name="parse a function declaration with no formal parameters" time="0.004">
                                                 
                                               </testcase><testcase classname="webcpl.SyntaxAnalysisTests" name="parse a function declaration with a single formal parameter" time="0.002">
                                                 
                                               </testcase><testcase classname="webcpl.SyntaxAnalysisTests" name="parse a function declaration with multiple parameters" time="0.005">
                                                 
                                               </testcase><testcase classname="webcpl.SyntaxAnalysisTests" name="parsing a procedure declaration without `BE` fails" time="0.001">
                                                 
                                               </testcase><testcase classname="webcpl.SyntaxAnalysisTests" name="parsing a procudere declaration without defining statement fails" time="0.036">
                                                 
                                               </testcase><testcase classname="webcpl.SyntaxAnalysisTests" name="parse a procedure declaration with no formal parameters" time="0.005">
                                                 
                                               </testcase><testcase classname="webcpl.SyntaxAnalysisTests" name="parse a procedure declaration with a single formal parameter" time="0.002">
                                                 
                                               </testcase><testcase classname="webcpl.SyntaxAnalysisTests" name="parse a procedure declaration with multiple parameters" time="0.003">
                                                 
                                               </testcase><testcase classname="webcpl.SyntaxAnalysisTests" name="parse `LET` declaration with single `AND` clause" time="0.003">
                                                 
                                               </testcase><testcase classname="webcpl.SyntaxAnalysisTests" name="parse a more complex `LET` declaration with `AND` clauses" time="0.007">
                                                 
                                               </testcase><testcase classname="webcpl.SyntaxAnalysisTests" name="parse simple function call with no argument" time="0.002">
                                                 
                                               </testcase><testcase classname="webcpl.SyntaxAnalysisTests" name="parse simple function call with one argument" time="0.002">
                                                 
                                               </testcase><testcase classname="webcpl.SyntaxAnalysisTests" name="parse simple function call with more than one argument" time="0.006">
                                                 
                                               </testcase><testcase classname="webcpl.SyntaxAnalysisTests" name="parsing function call with missing argument causes an error" time="0.004">
                                                 
                                               </testcase><testcase classname="webcpl.SyntaxAnalysisTests" name="parse of an iterated function call associates to the left" time="0.006">
                                                 
                                               </testcase><testcase classname="webcpl.SyntaxAnalysisTests" name="parsing a single relation" time="0.002">
                                                 
                                               </testcase><testcase classname="webcpl.SyntaxAnalysisTests" name="parsing a sequence of two relations" time="0.002">
                                                 
                                               </testcase><testcase classname="webcpl.SyntaxAnalysisTests" name="parsing a sequence of three relations" time="0.003">
                                                 
                                               </testcase><testcase classname="webcpl.SyntaxAnalysisTests" name="parsing a sequence of four relations" time="0.003">
                                                 
                                               </testcase><testcase classname="webcpl.SyntaxAnalysisTests" name="ternary with parentheses on right A -&gt; B, (C -&gt; D, E)" time="0.004">
                                                 
                                               </testcase><testcase classname="webcpl.SyntaxAnalysisTests" name="ternary with parentheses in middle A -&gt; (B -&gt; C, D), E)" time="0.003">
                                                 
                                               </testcase><testcase classname="webcpl.SyntaxAnalysisTests" name="XOR" time="0.003">
                                                 
                                               </testcase><testcase classname="webcpl.SyntaxAnalysisTests" name="EQV" time="0.003">
                                                 
                                               </testcase><testcase classname="webcpl.SyntaxAnalysisTests" name="OR" time="0.003">
                                                 
                                               </testcase><testcase classname="webcpl.SyntaxAnalysisTests" name="OR Associativity" time="0.003">
                                                 
                                               </testcase><testcase classname="webcpl.SyntaxAnalysisTests" name="AND" time="0.001">
                                                 
                                               </testcase><testcase classname="webcpl.SyntaxAnalysisTests" name="AND Associativity" time="0.003">
                                                 
                                               </testcase><testcase classname="webcpl.SyntaxAnalysisTests" name="NOT something" time="0.002">
                                                 
                                               </testcase><testcase classname="webcpl.SyntaxAnalysisTests" name="BitShift Left" time="0.001">
                                                 
                                               </testcase><testcase classname="webcpl.SyntaxAnalysisTests" name="BitShift Left Associativity" time="0.002">
                                                 
                                               </testcase><testcase classname="webcpl.SyntaxAnalysisTests" name="BitShift Right" time="0.002">
                                                 
                                               </testcase><testcase classname="webcpl.SyntaxAnalysisTests" name="BitShift Right Associativity" time="0.002">
                                                 
                                               </testcase><testcase classname="webcpl.SyntaxAnalysisTests" name="address expression" time="0.003">
                                                 
                                               </testcase><testcase classname="webcpl.SyntaxAnalysisTests" name="+ is left associative" time="0.002">
                                                 
                                               </testcase><testcase classname="webcpl.SyntaxAnalysisTests" name="- is left associative" time="0.002">
                                                 
                                               </testcase><testcase classname="webcpl.SyntaxAnalysisTests" name="- and + are left associative" time="0.002">
                                                 
                                               </testcase><testcase classname="webcpl.SyntaxAnalysisTests" name="* is left associative" time="0.002">
                                                 
                                               </testcase><testcase classname="webcpl.SyntaxAnalysisTests" name="/ is left associative" time="0.002">
                                                 
                                               </testcase><testcase classname="webcpl.SyntaxAnalysisTests" name="/ and * are left associative" time="0.002">
                                                 
                                               </testcase><testcase classname="webcpl.SyntaxAnalysisTests" name="+ has lower precedence than * (to left)" time="0.002">
                                                 
                                               </testcase><testcase classname="webcpl.SyntaxAnalysisTests" name="- has lower precedence than * (to left)" time="0.002">
                                                 
                                               </testcase><testcase classname="webcpl.SyntaxAnalysisTests" name="+ has lower precedence than * (to right)" time="0.001">
                                                 
                                               </testcase><testcase classname="webcpl.SyntaxAnalysisTests" name="- has lower precedence than * (to right)" time="0.002">
                                                 
                                               </testcase><testcase classname="webcpl.SyntaxAnalysisTests" name="+ has lower precedence than / (to left)" time="0.002">
                                                 
                                               </testcase><testcase classname="webcpl.SyntaxAnalysisTests" name="- has lower precedence than / (to left)" time="0.001">
                                                 
                                               </testcase><testcase classname="webcpl.SyntaxAnalysisTests" name="+ has lower precedence than / (to right)" time="0.001">
                                                 
                                               </testcase><testcase classname="webcpl.SyntaxAnalysisTests" name="- has lower precedence than / (to right)" time="0.001">
                                                 
                                               </testcase><testcase classname="webcpl.SyntaxAnalysisTests" name="= has lower precedence than * (to left)" time="0.001">
                                                 
                                               </testcase><testcase classname="webcpl.SyntaxAnalysisTests" name="&lt; has lower precedence than * (to left)" time="0.002">
                                                 
                                               </testcase><testcase classname="webcpl.SyntaxAnalysisTests" name="= has lower precedence than * (to right)" time="0.002">
                                                 
                                               </testcase><testcase classname="webcpl.SyntaxAnalysisTests" name="&lt; has lower precedence than * (to right)" time="0.001">
                                                 
                                               </testcase><testcase classname="webcpl.SyntaxAnalysisTests" name="= has lower precedence than / (to left)" time="0.001">
                                                 
                                               </testcase><testcase classname="webcpl.SyntaxAnalysisTests" name="&lt; has lower precedence than / (to left)" time="0.001">
                                                 
                                               </testcase><testcase classname="webcpl.SyntaxAnalysisTests" name="= has lower precedence than / (to right)" time="0.001">
                                                 
                                               </testcase><testcase classname="webcpl.SyntaxAnalysisTests" name="&lt; has lower precedence than / (to right)" time="0.002">
                                                 
                                               </testcase><testcase classname="webcpl.SyntaxAnalysisTests" name="= has lower precedence than + (to left)" time="0.002">
                                                 
                                               </testcase><testcase classname="webcpl.SyntaxAnalysisTests" name="&lt; has lower precedence than + (to left)" time="0.001">
                                                 
                                               </testcase><testcase classname="webcpl.SyntaxAnalysisTests" name="= has lower precedence than + (to right)" time="0.002">
                                                 
                                               </testcase><testcase classname="webcpl.SyntaxAnalysisTests" name="&lt; has lower precedence than + (to right)" time="0.002">
                                                 
                                               </testcase><testcase classname="webcpl.SyntaxAnalysisTests" name="= has lower precedence than - (to left)" time="0.003">
                                                 
                                               </testcase><testcase classname="webcpl.SyntaxAnalysisTests" name="&lt; has lower precedence than - (to left)" time="0.002">
                                                 
                                               </testcase><testcase classname="webcpl.SyntaxAnalysisTests" name="= has lower precedence than - (to right)" time="0.002">
                                                 
                                               </testcase><testcase classname="webcpl.SyntaxAnalysisTests" name="&lt; has lower precedence than - (to right)" time="0.001">
                                                 
                                               </testcase><testcase classname="webcpl.SyntaxAnalysisTests" name="unary - has higher precedence than = (to left)" time="0.002">
                                                 
                                               </testcase><testcase classname="webcpl.SyntaxAnalysisTests" name="unary - has higher precedence than = (to right)" time="0.002">
                                                 
                                               </testcase><testcase classname="webcpl.SyntaxAnalysisTests" name="unary - has higher precedence that &lt; (to left)" time="0.002">
                                                 
                                               </testcase><testcase classname="webcpl.SyntaxAnalysisTests" name="unary - has higher precedence that &lt; (to right)" time="0.002">
                                                 
                                               </testcase><testcase classname="webcpl.SyntaxAnalysisTests" name="unary - has higher precedence than + (to left)" time="0.002">
                                                 
                                               </testcase><testcase classname="webcpl.SyntaxAnalysisTests" name="unary - has higher precedence than + (to right)" time="0.002">
                                                 
                                               </testcase><testcase classname="webcpl.SyntaxAnalysisTests" name="unary - has higher precedence than - (to left)" time="0.001">
                                                 
                                               </testcase><testcase classname="webcpl.SyntaxAnalysisTests" name="unary - has higher precedence than - (to right)" time="0.001">
                                                 
                                               </testcase><testcase classname="webcpl.SyntaxAnalysisTests" name="unary - has lower precedence than * (to left)" time="0.001">
                                                 
                                               </testcase><testcase classname="webcpl.SyntaxAnalysisTests" name="unary - has lower precedence than / (to left)" time="0.001">
                                                 
                                               </testcase><testcase classname="webcpl.SyntaxAnalysisTests" name="parsing an equal expression produces the correct tree" time="0.001">
                                                 
                                               </testcase><testcase classname="webcpl.SyntaxAnalysisTests" name="parsing a less than expression produces the correct tree" time="0.002">
                                                 
                                               </testcase><testcase classname="webcpl.SyntaxAnalysisTests" name="parsing an addition expression produces the correct tree" time="0.001">
                                                 
                                               </testcase><testcase classname="webcpl.SyntaxAnalysisTests" name="parsing a subtraction expression produces the correct tree" time="0.001">
                                                 
                                               </testcase><testcase classname="webcpl.SyntaxAnalysisTests" name="parsing a multiplication expression produces the correct tree" time="0.001">
                                                 
                                               </testcase><testcase classname="webcpl.SyntaxAnalysisTests" name="parsing a division expression produces the correct tree" time="0.001">
                                                 
                                               </testcase><testcase classname="webcpl.SyntaxAnalysisTests" name="parsing an integer expression produces the correct tree" time="0.001">
                                                 
                                               </testcase><testcase classname="webcpl.SyntaxAnalysisTests" name="parsing an identifier expression produces the correct tree" time="0.001">
                                                 
                                               </testcase><testcase classname="webcpl.SyntaxAnalysisTests" name="parsing a parenthesized expression produces the correct tree" time="0.002">
                                                 
                                               </testcase><testcase classname="webcpl.SyntaxAnalysisTests" name="parentheses override precedence (to left)" time="0.002">
                                                 
                                               </testcase><testcase classname="webcpl.SyntaxAnalysisTests" name="parentheses override precedence (to right)" time="0.001">
                                                 
                                               </testcase><testcase classname="webcpl.SyntaxAnalysisTests" name="parentheses override associativity in expressions" time="0.002">
                                                 
                                               </testcase><testcase classname="webcpl.SyntaxAnalysisTests" name="parentheses disambiguate non-associativity (to right)" time="0.002">
                                                 
                                               </testcase><testcase classname="webcpl.SyntaxAnalysisTests" name="parentheses disambiguate non-associativity (to left)" time="0.002">
                                                 
                                               </testcase>
                     <system-out><![CDATA[]]></system-out>
                     <system-err><![CDATA[]]></system-err>
                   </testsuite>